{
  "stats": {
    "suites": 80,
    "tests": 80,
    "passes": 79,
    "pending": 0,
    "failures": 1,
    "start": "2016-08-12T20:58:53.032Z",
    "end": "2016-08-12T20:58:57.019Z"
  },
  "coverage": {
    "total": {
      "statementsTotal": 818,
      "statementsCovered": 334,
      "percentage": 40.83
    },
    "files": [
      {
        "name": "kuzi/resolver",
        "statementsTotal": 2,
        "statementsCovered": 2,
        "percentage": 100
      },
      {
        "name": "kuzi/config/environment",
        "statementsTotal": 8,
        "statementsCovered": 7,
        "percentage": 87.5
      },
      {
        "name": "kuzi/app",
        "statementsTotal": 6,
        "statementsCovered": 6,
        "percentage": 100
      },
      {
        "name": "kuzi/initializers/app-version",
        "statementsTotal": 2,
        "statementsCovered": 2,
        "percentage": 100
      },
      {
        "name": "kuzi/initializers/container-debug-adapter",
        "statementsTotal": 5,
        "statementsCovered": 5,
        "percentage": 100
      },
      {
        "name": "kuzi/initializers/data-adapter",
        "statementsTotal": 2,
        "statementsCovered": 2,
        "percentage": 100
      },
      {
        "name": "kuzi/initializers/ember-data",
        "statementsTotal": 2,
        "statementsCovered": 2,
        "percentage": 100
      },
      {
        "name": "kuzi/initializers/export-application-global",
        "statementsTotal": 16,
        "statementsCovered": 15,
        "percentage": 93.75
      },
      {
        "name": "kuzi/initializers/injectStore",
        "statementsTotal": 2,
        "statementsCovered": 2,
        "percentage": 100
      },
      {
        "name": "kuzi/initializers/liquid-fire",
        "statementsTotal": 3,
        "statementsCovered": 3,
        "percentage": 100
      },
      {
        "name": "kuzi/initializers/store",
        "statementsTotal": 2,
        "statementsCovered": 2,
        "percentage": 100
      },
      {
        "name": "kuzi/initializers/transforms",
        "statementsTotal": 2,
        "statementsCovered": 2,
        "percentage": 100
      },
      {
        "name": "kuzi/instance-initializers/ember-data",
        "statementsTotal": 2,
        "statementsCovered": 2,
        "percentage": 100
      },
      {
        "name": "kuzi/router",
        "statementsTotal": 11,
        "statementsCovered": 11,
        "percentage": 100
      },
      {
        "name": "kuzi/components/animated-caption",
        "statementsTotal": 12,
        "statementsCovered": 9,
        "percentage": 75
      },
      {
        "name": "kuzi/components/time-ago",
        "statementsTotal": 6,
        "statementsCovered": 6,
        "percentage": 100
      },
      {
        "name": "kuzi/routes/apps",
        "statementsTotal": 6,
        "statementsCovered": 6,
        "percentage": 100
      },
      {
        "name": "kuzi/routes/apps/index",
        "statementsTotal": 12,
        "statementsCovered": 12,
        "percentage": 100
      },
      {
        "name": "kuzi/controllers/apps",
        "statementsTotal": 2,
        "statementsCovered": 2,
        "percentage": 100
      },
      {
        "name": "kuzi/controllers/apps/index",
        "statementsTotal": 61,
        "statementsCovered": 15,
        "percentage": 24.59
      },
      {
        "name": "kuzi/models/app",
        "statementsTotal": 15,
        "statementsCovered": 2,
        "percentage": 13.33
      },
      {
        "name": "kuzi/adapters/application",
        "statementsTotal": 5,
        "statementsCovered": 4,
        "percentage": 80
      },
      {
        "name": "kuzi/serializers/app",
        "statementsTotal": 2,
        "statementsCovered": 2,
        "percentage": 100
      },
      {
        "name": "kuzi/models/tag",
        "statementsTotal": 2,
        "statementsCovered": 2,
        "percentage": 100
      },
      {
        "name": "kuzi/serializers/tag",
        "statementsTotal": 2,
        "statementsCovered": 2,
        "percentage": 100
      },
      {
        "name": "kuzi/models/video",
        "statementsTotal": 2,
        "statementsCovered": 2,
        "percentage": 100
      },
      {
        "name": "kuzi/models/image",
        "statementsTotal": 2,
        "statementsCovered": 2,
        "percentage": 100
      },
      {
        "name": "kuzi/serializers/image",
        "statementsTotal": 2,
        "statementsCovered": 2,
        "percentage": 100
      },
      {
        "name": "kuzi/routes/home",
        "statementsTotal": 6,
        "statementsCovered": 3,
        "percentage": 50
      },
      {
        "name": "kuzi/helpers/fa-icon",
        "statementsTotal": 5,
        "statementsCovered": 4,
        "percentage": 80
      },
      {
        "name": "kuzi/routes/about/index",
        "statementsTotal": 6,
        "statementsCovered": 2,
        "percentage": 33.33
      },
      {
        "name": "kuzi/controllers/about",
        "statementsTotal": 2,
        "statementsCovered": 2,
        "percentage": 100
      },
      {
        "name": "kuzi/controllers/about/index",
        "statementsTotal": 2,
        "statementsCovered": 2,
        "percentage": 100
      },
      {
        "name": "kuzi/components/liquid-outlet",
        "statementsTotal": 6,
        "statementsCovered": 6,
        "percentage": 100
      },
      {
        "name": "kuzi/components/liquid-bind",
        "statementsTotal": 4,
        "statementsCovered": 4,
        "percentage": 100
      },
      {
        "name": "kuzi/components/liquid-versions",
        "statementsTotal": 50,
        "statementsCovered": 42,
        "percentage": 84
      },
      {
        "name": "kuzi/components/liquid-child",
        "statementsTotal": 6,
        "statementsCovered": 6,
        "percentage": 100
      },
      {
        "name": "kuzi/routes/apps/view",
        "statementsTotal": 22,
        "statementsCovered": 4,
        "percentage": 18.18
      },
      {
        "name": "kuzi/controllers/apps/view",
        "statementsTotal": 3,
        "statementsCovered": 2,
        "percentage": 66.67
      },
      {
        "name": "kuzi/components/highlight-match",
        "statementsTotal": 14,
        "statementsCovered": 7,
        "percentage": 50
      },
      {
        "name": "kuzi/components/tag-display",
        "statementsTotal": 2,
        "statementsCovered": 2,
        "percentage": 100
      },
      {
        "name": "kuzi/services/liquid-fire-transitions",
        "statementsTotal": 2,
        "statementsCovered": 2,
        "percentage": 100
      },
      {
        "name": "kuzi/transitions/explode",
        "statementsTotal": 105,
        "statementsCovered": 8,
        "percentage": 7.62
      },
      {
        "name": "kuzi/transitions",
        "statementsTotal": 3,
        "statementsCovered": 3,
        "percentage": 100
      },
      {
        "name": "kuzi/transitions/to-left",
        "statementsTotal": 3,
        "statementsCovered": 2,
        "percentage": 66.67
      },
      {
        "name": "kuzi/transitions/move-over",
        "statementsTotal": 28,
        "statementsCovered": 4,
        "percentage": 14.29
      },
      {
        "name": "kuzi/transitions/to-right",
        "statementsTotal": 3,
        "statementsCovered": 2,
        "percentage": 66.67
      },
      {
        "name": "kuzi/transitions/default",
        "statementsTotal": 6,
        "statementsCovered": 6,
        "percentage": 100
      },
      {
        "name": "kuzi/models/experience",
        "statementsTotal": 2,
        "statementsCovered": 2,
        "percentage": 100
      },
      {
        "name": "kuzi/routes/about/experience",
        "statementsTotal": 2,
        "statementsCovered": 2,
        "percentage": 100
      },
      {
        "name": "kuzi/routes/about/general",
        "statementsTotal": 2,
        "statementsCovered": 2,
        "percentage": 100
      },
      {
        "name": "kuzi/serializers/experience",
        "statementsTotal": 2,
        "statementsCovered": 2,
        "percentage": 100
      },
      {
        "name": "kuzi/components/app-version",
        "statementsTotal": 4,
        "statementsCovered": 4,
        "percentage": 100
      },
      {
        "name": "kuzi/components/expanding-description",
        "statementsTotal": 37,
        "statementsCovered": 2,
        "percentage": 5.41
      },
      {
        "name": "kuzi/components/lf-outlet",
        "statementsTotal": 2,
        "statementsCovered": 2,
        "percentage": 100
      },
      {
        "name": "kuzi/components/lf-overlay",
        "statementsTotal": 12,
        "statementsCovered": 3,
        "percentage": 25
      },
      {
        "name": "kuzi/components/liquid-container",
        "statementsTotal": 61,
        "statementsCovered": 4,
        "percentage": 6.56
      },
      {
        "name": "kuzi/components/liquid-measured",
        "statementsTotal": 5,
        "statementsCovered": 4,
        "percentage": 80
      },
      {
        "name": "kuzi/components/liquid-if",
        "statementsTotal": 7,
        "statementsCovered": 4,
        "percentage": 57.14
      },
      {
        "name": "kuzi/components/liquid-modal",
        "statementsTotal": 46,
        "statementsCovered": 3,
        "percentage": 6.52
      },
      {
        "name": "kuzi/components/liquid-spacer",
        "statementsTotal": 3,
        "statementsCovered": 3,
        "percentage": 100
      },
      {
        "name": "kuzi/components/liquid-unless",
        "statementsTotal": 2,
        "statementsCovered": 2,
        "percentage": 100
      },
      {
        "name": "kuzi/components/liquid-with",
        "statementsTotal": 5,
        "statementsCovered": 4,
        "percentage": 80
      },
      {
        "name": "kuzi/components/lm-container",
        "statementsTotal": 32,
        "statementsCovered": 6,
        "percentage": 18.75
      },
      {
        "name": "kuzi/components/yt-video",
        "statementsTotal": 19,
        "statementsCovered": 2,
        "percentage": 10.53
      },
      {
        "name": "kuzi/controllers/array",
        "statementsTotal": 2,
        "statementsCovered": 2,
        "percentage": 100
      },
      {
        "name": "kuzi/controllers/object",
        "statementsTotal": 2,
        "statementsCovered": 2,
        "percentage": 100
      },
      {
        "name": "kuzi/helpers/pluralize",
        "statementsTotal": 2,
        "statementsCovered": 2,
        "percentage": 100
      },
      {
        "name": "kuzi/helpers/singularize",
        "statementsTotal": 2,
        "statementsCovered": 2,
        "percentage": 100
      },
      {
        "name": "kuzi/routes/about/experience/index",
        "statementsTotal": 4,
        "statementsCovered": 2,
        "percentage": 50
      },
      {
        "name": "kuzi/routes/about/experience/view",
        "statementsTotal": 2,
        "statementsCovered": 2,
        "percentage": 100
      },
      {
        "name": "kuzi/services/ajax",
        "statementsTotal": 3,
        "statementsCovered": 3,
        "percentage": 100
      },
      {
        "name": "kuzi/services/liquid-fire-modals",
        "statementsTotal": 2,
        "statementsCovered": 2,
        "percentage": 100
      },
      {
        "name": "kuzi/transitions/cross-fade",
        "statementsTotal": 6,
        "statementsCovered": 3,
        "percentage": 50
      },
      {
        "name": "kuzi/transitions/fade",
        "statementsTotal": 23,
        "statementsCovered": 4,
        "percentage": 17.39
      },
      {
        "name": "kuzi/transitions/flex-grow",
        "statementsTotal": 5,
        "statementsCovered": 3,
        "percentage": 60
      },
      {
        "name": "kuzi/transitions/fly-to",
        "statementsTotal": 20,
        "statementsCovered": 3,
        "percentage": 15
      },
      {
        "name": "kuzi/transitions/scale",
        "statementsTotal": 7,
        "statementsCovered": 3,
        "percentage": 42.86
      },
      {
        "name": "kuzi/transitions/scroll-then",
        "statementsTotal": 15,
        "statementsCovered": 2,
        "percentage": 13.33
      },
      {
        "name": "kuzi/transitions/to-down",
        "statementsTotal": 3,
        "statementsCovered": 2,
        "percentage": 66.67
      },
      {
        "name": "kuzi/transitions/to-up",
        "statementsTotal": 3,
        "statementsCovered": 2,
        "percentage": 66.67
      }
    ]
  }
}